

> web@0.1.0 build /Users/kshitijakarsh/Developer/projects/presco/apps/web
> next build

[1m[38;2;173;127;168m▲ Next.js 16.1.6[39m[22m (Turbopack)

[37m[1m [22m[39m Creating an optimized production build ...

> Build error occurred
Error: Turbopack build failed with 11 errors:
./apps/web/components/sections/hero/HeroContent.tsx:7:1
[1m[31mModule not found[39m[22m: Can't resolve [32m'@/components/ui/AnimatedGroup'[39m
[0m [90m  5 |[39m [36mimport[39m { [33mArrowRight[39m } [36mfrom[39m [32m'lucide-react'[39m
 [90m  6 |[39m [36mimport[39m { [33mButton[39m } [36mfrom[39m [32m'@/components/ui/Button'[39m
[31m[1m>[22m[39m[90m  7 |[39m [36mimport[39m { [33mAnimatedGroup[39m } [36mfrom[39m [32m'@/components/ui/AnimatedGroup'[39m
 [90m    |[39m [31m[1m^[22m[39m[31m[1m^[22m[39m[31m[1m^[22m[39m[31m[1m^[22m[39m[31m[1m^[22m[39m[31m[1m^[22m[39m[31m[1m^[22m[39m[31m[1m^[22m[39m[31m[1m^[22m[39m[31m[1m^[22m[39m[31m[1m^[22m[39m[31m[1m^[22m[39m[31m[1m^[22m[39m[31m[1m^[22m[39m[31m[1m^[22m[39m[31m[1m^[22m[39m[31m[1m^[22m[39m[31m[1m^[22m[39m[31m[1m^[22m[39m[31m[1m^[22m[39m[31m[1m^[22m[39m[31m[1m^[22m[39m[31m[1m^[22m[39m[31m[1m^[22m[39m[31m[1m^[22m[39m[31m[1m^[22m[39m[31m[1m^[22m[39m[31m[1m^[22m[39m[31m[1m^[22m[39m[31m[1m^[22m[39m[31m[1m^[22m[39m[31m[1m^[22m[39m[31m[1m^[22m[39m[31m[1m^[22m[39m[31m[1m^[22m[39m[31m[1m^[22m[39m[31m[1m^[22m[39m[31m[1m^[22m[39m[31m[1m^[22m[39m[31m[1m^[22m[39m[31m[1m^[22m[39m[31m[1m^[22m[39m[31m[1m^[22m[39m[31m[1m^[22m[39m[31m[1m^[22m[39m[31m[1m^[22m[39m[31m[1m^[22m[39m[31m[1m^[22m[39m[31m[1m^[22m[39m[31m[1m^[22m[39m[31m[1m^[22m[39m[31m[1m^[22m[39m[31m[1m^[22m[39m[31m[1m^[22m[39m[31m[1m^[22m[39m[31m[1m^[22m[39m[31m[1m^[22m[39m[31m[1m^[22m[39m[31m[1m^[22m[39m[31m[1m^[22m[39m[31m[1m^[22m[39m
 [90m  8 |[39m
 [90m  9 |[39m [36mconst[39m transitionVariants [33m=[39m {
 [90m 10 |[39m     item[33m:[39m {[0m

Import map: aliased to relative './src/components/ui/AnimatedGroup' inside of [project]/apps/web


Import trace:
  Server Component:
    ./apps/web/components/sections/hero/HeroContent.tsx
    ./apps/web/components/sections/hero/HeroSection.tsx
    ./apps/web/app/page.tsx

https://nextjs.org/docs/messages/module-not-found


./apps/web/components/sections/hero/HeroMockup.tsx:2:1
[1m[31mModule not found[39m[22m: Can't resolve [32m'@/components/ui/AnimatedGroup'[39m
[0m [90m 1 |[39m [36mimport[39m [33mImage[39m [36mfrom[39m [32m'next/image'[39m
[31m[1m>[22m[39m[90m 2 |[39m [36mimport[39m { [33mAnimatedGroup[39m } [36mfrom[39m [32m'@/components/ui/AnimatedGroup'[39m
 [90m   |[39m [31m[1m^[22m[39m[31m[1m^[22m[39m[31m[1m^[22m[39m[31m[1m^[22m[39m[31m[1m^[22m[39m[31m[1m^[22m[39m[31m[1m^[22m[39m[31m[1m^[22m[39m[31m[1m^[22m[39m[31m[1m^[22m[39m[31m[1m^[22m[39m[31m[1m^[22m[39m[31m[1m^[22m[39m[31m[1m^[22m[39m[31m[1m^[22m[39m[31m[1m^[22m[39m[31m[1m^[22m[39m[31m[1m^[22m[39m[31m[1m^[22m[39m[31m[1m^[22m[39m[31m[1m^[22m[39m[31m[1m^[22m[39m[31m[1m^[22m[39m[31m[1m^[22m[39m[31m[1m^[22m[39m[31m[1m^[22m[39m[31m[1m^[22m[39m[31m[1m^[22m[39m[31m[1m^[22m[39m[31m[1m^[22m[39m[31m[1m^[22m[39m[31m[1m^[22m[39m[31m[1m^[22m[39m[31m[1m^[22m[39m[31m[1m^[22m[39m[31m[1m^[22m[39m[31m[1m^[22m[39m[31m[1m^[22m[39m[31m[1m^[22m[39m[31m[1m^[22m[39m[31m[1m^[22m[39m[31m[1m^[22m[39m[31m[1m^[22m[39m[31m[1m^[22m[39m[31m[1m^[22m[39m[31m[1m^[22m[39m[31m[1m^[22m[39m[31m[1m^[22m[39m[31m[1m^[22m[39m[31m[1m^[22m[39m[31m[1m^[22m[39m[31m[1m^[22m[39m[31m[1m^[22m[39m[31m[1m^[22m[39m[31m[1m^[22m[39m[31m[1m^[22m[39m[31m[1m^[22m[39m[31m[1m^[22m[39m[31m[1m^[22m[39m[31m[1m^[22m[39m[31m[1m^[22m[39m
 [90m 3 |[39m
 [90m 4 |[39m [36mconst[39m transitionVariants [33m=[39m {
 [90m 5 |[39m     item[33m:[39m {[0m

Import map: aliased to relative './src/components/ui/AnimatedGroup' inside of [project]/apps/web


Import trace:
  Server Component:
    ./apps/web/components/sections/hero/HeroMockup.tsx
    ./apps/web/components/sections/hero/HeroSection.tsx
    ./apps/web/app/page.tsx

https://nextjs.org/docs/messages/module-not-found


./apps/web/components/layout/Header.tsx:6:1
[1m[31mModule not found[39m[22m: Can't resolve [32m'@/components/ui/Button'[39m
[0m [90m 4 |[39m [36mimport[39m [33mLink[39m [36mfrom[39m [32m'next/link'[39m
 [90m 5 |[39m [36mimport[39m { [33mMenu[39m[33m,[39m [33mX[39m } [36mfrom[39m [32m'lucide-react'[39m
[31m[1m>[22m[39m[90m 6 |[39m [36mimport[39m { [33mButton[39m } [36mfrom[39m [32m'@/components/ui/Button'[39m
 [90m   |[39m [31m[1m^[22m[39m[31m[1m^[22m[39m[31m[1m^[22m[39m[31m[1m^[22m[39m[31m[1m^[22m[39m[31m[1m^[22m[39m[31m[1m^[22m[39m[31m[1m^[22m[39m[31m[1m^[22m[39m[31m[1m^[22m[39m[31m[1m^[22m[39m[31m[1m^[22m[39m[31m[1m^[22m[39m[31m[1m^[22m[39m[31m[1m^[22m[39m[31m[1m^[22m[39m[31m[1m^[22m[39m[31m[1m^[22m[39m[31m[1m^[22m[39m[31m[1m^[22m[39m[31m[1m^[22m[39m[31m[1m^[22m[39m[31m[1m^[22m[39m[31m[1m^[22m[39m[31m[1m^[22m[39m[31m[1m^[22m[39m[31m[1m^[22m[39m[31m[1m^[22m[39m[31m[1m^[22m[39m[31m[1m^[22m[39m[31m[1m^[22m[39m[31m[1m^[22m[39m[31m[1m^[22m[39m[31m[1m^[22m[39m[31m[1m^[22m[39m[31m[1m^[22m[39m[31m[1m^[22m[39m[31m[1m^[22m[39m[31m[1m^[22m[39m[31m[1m^[22m[39m[31m[1m^[22m[39m[31m[1m^[22m[39m[31m[1m^[22m[39m[31m[1m^[22m[39m[31m[1m^[22m[39m[31m[1m^[22m[39m[31m[1m^[22m[39m
 [90m 7 |[39m [36mimport[39m { cn } [36mfrom[39m [32m'@/lib/utils'[39m
 [90m 8 |[39m [36mimport[39m { [33mLogo[39m } [36mfrom[39m [32m'./Logo'[39m
 [90m 9 |[39m[0m

Import map: aliased to relative './src/components/ui/Button' inside of [project]/apps/web


Import trace:
  Server Component:
    ./apps/web/components/layout/Header.tsx
    ./apps/web/app/page.tsx

https://nextjs.org/docs/messages/module-not-found


./apps/web/components/sections/CTASection.tsx:5:1
[1m[31mModule not found[39m[22m: Can't resolve [32m'@/components/ui/Button'[39m
[0m [90m 3 |[39m [36mimport[39m [33mLink[39m [36mfrom[39m [32m'next/link'[39m
 [90m 4 |[39m [36mimport[39m { motion } [36mfrom[39m [32m'framer-motion'[39m
[31m[1m>[22m[39m[90m 5 |[39m [36mimport[39m { [33mButton[39m } [36mfrom[39m [32m'@/components/ui/Button'[39m
 [90m   |[39m [31m[1m^[22m[39m[31m[1m^[22m[39m[31m[1m^[22m[39m[31m[1m^[22m[39m[31m[1m^[22m[39m[31m[1m^[22m[39m[31m[1m^[22m[39m[31m[1m^[22m[39m[31m[1m^[22m[39m[31m[1m^[22m[39m[31m[1m^[22m[39m[31m[1m^[22m[39m[31m[1m^[22m[39m[31m[1m^[22m[39m[31m[1m^[22m[39m[31m[1m^[22m[39m[31m[1m^[22m[39m[31m[1m^[22m[39m[31m[1m^[22m[39m[31m[1m^[22m[39m[31m[1m^[22m[39m[31m[1m^[22m[39m[31m[1m^[22m[39m[31m[1m^[22m[39m[31m[1m^[22m[39m[31m[1m^[22m[39m[31m[1m^[22m[39m[31m[1m^[22m[39m[31m[1m^[22m[39m[31m[1m^[22m[39m[31m[1m^[22m[39m[31m[1m^[22m[39m[31m[1m^[22m[39m[31m[1m^[22m[39m[31m[1m^[22m[39m[31m[1m^[22m[39m[31m[1m^[22m[39m[31m[1m^[22m[39m[31m[1m^[22m[39m[31m[1m^[22m[39m[31m[1m^[22m[39m[31m[1m^[22m[39m[31m[1m^[22m[39m[31m[1m^[22m[39m[31m[1m^[22m[39m[31m[1m^[22m[39m[31m[1m^[22m[39m
 [90m 6 |[39m [36mimport[39m { [33mFileUp[39m } [36mfrom[39m [32m'lucide-react'[39m
 [90m 7 |[39m
 [90m 8 |[39m [36mexport[39m [36mconst[39m [33mCTASection[39m [33m=[39m () [33m=>[39m {[0m

Import map: aliased to relative './src/components/ui/Button' inside of [project]/apps/web


Import trace:
  Server Component:
    ./apps/web/components/sections/CTASection.tsx
    ./apps/web/app/page.tsx

https://nextjs.org/docs/messages/module-not-found


./apps/web/components/sections/hero/HeroContent.tsx:6:1
[1m[31mModule not found[39m[22m: Can't resolve [32m'@/components/ui/Button'[39m
[0m [90m 4 |[39m [36mimport[39m [33mLink[39m [36mfrom[39m [32m'next/link'[39m
 [90m 5 |[39m [36mimport[39m { [33mArrowRight[39m } [36mfrom[39m [32m'lucide-react'[39m
[31m[1m>[22m[39m[90m 6 |[39m [36mimport[39m { [33mButton[39m } [36mfrom[39m [32m'@/components/ui/Button'[39m
 [90m   |[39m [31m[1m^[22m[39m[31m[1m^[22m[39m[31m[1m^[22m[39m[31m[1m^[22m[39m[31m[1m^[22m[39m[31m[1m^[22m[39m[31m[1m^[22m[39m[31m[1m^[22m[39m[31m[1m^[22m[39m[31m[1m^[22m[39m[31m[1m^[22m[39m[31m[1m^[22m[39m[31m[1m^[22m[39m[31m[1m^[22m[39m[31m[1m^[22m[39m[31m[1m^[22m[39m[31m[1m^[22m[39m[31m[1m^[22m[39m[31m[1m^[22m[39m[31m[1m^[22m[39m[31m[1m^[22m[39m[31m[1m^[22m[39m[31m[1m^[22m[39m[31m[1m^[22m[39m[31m[1m^[22m[39m[31m[1m^[22m[39m[31m[1m^[22m[39m[31m[1m^[22m[39m[31m[1m^[22m[39m[31m[1m^[22m[39m[31m[1m^[22m[39m[31m[1m^[22m[39m[31m[1m^[22m[39m[31m[1m^[22m[39m[31m[1m^[22m[39m[31m[1m^[22m[39m[31m[1m^[22m[39m[31m[1m^[22m[39m[31m[1m^[22m[39m[31m[1m^[22m[39m[31m[1m^[22m[39m[31m[1m^[22m[39m[31m[1m^[22m[39m[31m[1m^[22m[39m[31m[1m^[22m[39m[31m[1m^[22m[39m[31m[1m^[22m[39m
 [90m 7 |[39m [36mimport[39m { [33mAnimatedGroup[39m } [36mfrom[39m [32m'@/components/ui/AnimatedGroup'[39m
 [90m 8 |[39m
 [90m 9 |[39m [36mconst[39m transitionVariants [33m=[39m {[0m

Import map: aliased to relative './src/components/ui/Button' inside of [project]/apps/web


Import trace:
  Server Component:
    ./apps/web/components/sections/hero/HeroContent.tsx
    ./apps/web/components/sections/hero/HeroSection.tsx
    ./apps/web/app/page.tsx

https://nextjs.org/docs/messages/module-not-found


./apps/web/components/sections/Features.tsx:7:1
[1m[31mModule not found[39m[22m: Can't resolve [32m'@/components/ui/avatar-group'[39m
[0m [90m  5 |[39m [36mimport[39m { motion } [36mfrom[39m [32m'framer-motion'[39m
 [90m  6 |[39m [36mimport[39m { [33mOrderTrackingParallaxCard[39m } [36mfrom[39m [32m'@/components/ui/order-tracking-parallax-card'[39m
[31m[1m>[22m[39m[90m  7 |[39m [36mimport[39m { [33mAvatarGroup[39m } [36mfrom[39m [32m'@/components/ui/avatar-group'[39m
 [90m    |[39m [31m[1m^[22m[39m[31m[1m^[22m[39m[31m[1m^[22m[39m[31m[1m^[22m[39m[31m[1m^[22m[39m[31m[1m^[22m[39m[31m[1m^[22m[39m[31m[1m^[22m[39m[31m[1m^[22m[39m[31m[1m^[22m[39m[31m[1m^[22m[39m[31m[1m^[22m[39m[31m[1m^[22m[39m[31m[1m^[22m[39m[31m[1m^[22m[39m[31m[1m^[22m[39m[31m[1m^[22m[39m[31m[1m^[22m[39m[31m[1m^[22m[39m[31m[1m^[22m[39m[31m[1m^[22m[39m[31m[1m^[22m[39m[31m[1m^[22m[39m[31m[1m^[22m[39m[31m[1m^[22m[39m[31m[1m^[22m[39m[31m[1m^[22m[39m[31m[1m^[22m[39m[31m[1m^[22m[39m[31m[1m^[22m[39m[31m[1m^[22m[39m[31m[1m^[22m[39m[31m[1m^[22m[39m[31m[1m^[22m[39m[31m[1m^[22m[39m[31m[1m^[22m[39m[31m[1m^[22m[39m[31m[1m^[22m[39m[31m[1m^[22m[39m[31m[1m^[22m[39m[31m[1m^[22m[39m[31m[1m^[22m[39m[31m[1m^[22m[39m[31m[1m^[22m[39m[31m[1m^[22m[39m[31m[1m^[22m[39m[31m[1m^[22m[39m[31m[1m^[22m[39m[31m[1m^[22m[39m[31m[1m^[22m[39m[31m[1m^[22m[39m[31m[1m^[22m[39m[31m[1m^[22m[39m[31m[1m^[22m[39m[31m[1m^[22m[39m[31m[1m^[22m[39m[31m[1m^[22m[39m[31m[1m^[22m[39m
 [90m  8 |[39m
 [90m  9 |[39m [36mexport[39m [36mfunction[39m [33mFeatures[39m() {
 [90m 10 |[39m     [36mreturn[39m ([0m

Import map: aliased to relative './src/components/ui/avatar-group' inside of [project]/apps/web


Import trace:
  Server Component:
    ./apps/web/components/sections/Features.tsx
    ./apps/web/app/page.tsx

https://nextjs.org/docs/messages/module-not-found


./apps/web/components/sections/Features.tsx:3:1
[1m[31mModule not found[39m[22m: Can't resolve [32m'@/components/ui/card'[39m
[0m [90m 1 |[39m [32m'use client'[39m
 [90m 2 |[39m
[31m[1m>[22m[39m[90m 3 |[39m [36mimport[39m { [33mCard[39m[33m,[39m [33mCardContent[39m[33m,[39m [33mCardHeader[39m } [36mfrom[39m [32m'@/components/ui/card'[39m
 [90m   |[39m [31m[1m^[22m[39m[31m[1m^[22m[39m[31m[1m^[22m[39m[31m[1m^[22m[39m[31m[1m^[22m[39m[31m[1m^[22m[39m[31m[1m^[22m[39m[31m[1m^[22m[39m[31m[1m^[22m[39m[31m[1m^[22m[39m[31m[1m^[22m[39m[31m[1m^[22m[39m[31m[1m^[22m[39m[31m[1m^[22m[39m[31m[1m^[22m[39m[31m[1m^[22m[39m[31m[1m^[22m[39m[31m[1m^[22m[39m[31m[1m^[22m[39m[31m[1m^[22m[39m[31m[1m^[22m[39m[31m[1m^[22m[39m[31m[1m^[22m[39m[31m[1m^[22m[39m[31m[1m^[22m[39m[31m[1m^[22m[39m[31m[1m^[22m[39m[31m[1m^[22m[39m[31m[1m^[22m[39m[31m[1m^[22m[39m[31m[1m^[22m[39m[31m[1m^[22m[39m[31m[1m^[22m[39m[31m[1m^[22m[39m[31m[1m^[22m[39m[31m[1m^[22m[39m[31m[1m^[22m[39m[31m[1m^[22m[39m[31m[1m^[22m[39m[31m[1m^[22m[39m[31m[1m^[22m[39m[31m[1m^[22m[39m[31m[1m^[22m[39m[31m[1m^[22m[39m[31m[1m^[22m[39m[31m[1m^[22m[39m[31m[1m^[22m[39m[31m[1m^[22m[39m[31m[1m^[22m[39m[31m[1m^[22m[39m[31m[1m^[22m[39m[31m[1m^[22m[39m[31m[1m^[22m[39m[31m[1m^[22m[39m[31m[1m^[22m[39m[31m[1m^[22m[39m[31m[1m^[22m[39m[31m[1m^[22m[39m[31m[1m^[22m[39m[31m[1m^[22m[39m[31m[1m^[22m[39m[31m[1m^[22m[39m[31m[1m^[22m[39m[31m[1m^[22m[39m[31m[1m^[22m[39m[31m[1m^[22m[39m[31m[1m^[22m[39m[31m[1m^[22m[39m
 [90m 4 |[39m [36mimport[39m { [33mShieldCheck[39m[33m,[39m [33mZap[39m[33m,[39m [33mHeart[39m[33m,[39m [33mBadgeCheck[39m[33m,[39m [33mFileUp[39m[33m,[39m [33mCheck[39m[33m,[39m [33mClock[39m[33m,[39m [33mMapPin[39m } [36mfrom[39m [32m'lucide-react'[39m
 [90m 5 |[39m [36mimport[39m { motion } [36mfrom[39m [32m'framer-motion'[39m
 [90m 6 |[39m [36mimport[39m { [33mOrderTrackingParallaxCard[39m } [36mfrom[39m [32m'@/components/ui/order-tracking-parallax-card'[39m[0m

Import map: aliased to relative './src/components/ui/card' inside of [project]/apps/web


Import trace:
  Server Component:
    ./apps/web/components/sections/Features.tsx
    ./apps/web/app/page.tsx

https://nextjs.org/docs/messages/module-not-found


./apps/web/components/sections/Features.tsx:6:1
[1m[31mModule not found[39m[22m: Can't resolve [32m'@/components/ui/order-tracking-parallax-card'[39m
[0m [90m 4 |[39m [36mimport[39m { [33mShieldCheck[39m[33m,[39m [33mZap[39m[33m,[39m [33mHeart[39m[33m,[39m [33mBadgeCheck[39m[33m,[39m [33mFileUp[39m[33m,[39m [33mCheck[39m[33m,[39m [33mClock[39m[33m,[39m [33mMapPin[39m } [36mfrom[39m [32m'lucide-react'[39m
 [90m 5 |[39m [36mimport[39m { motion } [36mfrom[39m [32m'framer-motion'[39m
[31m[1m>[22m[39m[90m 6 |[39m [36mimport[39m { [33mOrderTrackingParallaxCard[39m } [36mfrom[39m [32m'@/components/ui/order-tracking-parallax-card'[39m
 [90m   |[39m [31m[1m^[22m[39m[31m[1m^[22m[39m[31m[1m^[22m[39m[31m[1m^[22m[39m[31m[1m^[22m[39m[31m[1m^[22m[39m[31m[1m^[22m[39m[31m[1m^[22m[39m[31m[1m^[22m[39m[31m[1m^[22m[39m[31m[1m^[22m[39m[31m[1m^[22m[39m[31m[1m^[22m[39m[31m[1m^[22m[39m[31m[1m^[22m[39m[31m[1m^[22m[39m[31m[1m^[22m[39m[31m[1m^[22m[39m[31m[1m^[22m[39m[31m[1m^[22m[39m[31m[1m^[22m[39m[31m[1m^[22m[39m[31m[1m^[22m[39m[31m[1m^[22m[39m[31m[1m^[22m[39m[31m[1m^[22m[39m[31m[1m^[22m[39m[31m[1m^[22m[39m[31m[1m^[22m[39m[31m[1m^[22m[39m[31m[1m^[22m[39m[31m[1m^[22m[39m[31m[1m^[22m[39m[31m[1m^[22m[39m[31m[1m^[22m[39m[31m[1m^[22m[39m[31m[1m^[22m[39m[31m[1m^[22m[39m[31m[1m^[22m[39m[31m[1m^[22m[39m[31m[1m^[22m[39m[31m[1m^[22m[39m[31m[1m^[22m[39m[31m[1m^[22m[39m[31m[1m^[22m[39m[31m[1m^[22m[39m[31m[1m^[22m[39m[31m[1m^[22m[39m[31m[1m^[22m[39m[31m[1m^[22m[39m[31m[1m^[22m[39m[31m[1m^[22m[39m[31m[1m^[22m[39m[31m[1m^[22m[39m[31m[1m^[22m[39m[31m[1m^[22m[39m[31m[1m^[22m[39m[31m[1m^[22m[39m[31m[1m^[22m[39m[31m[1m^[22m[39m[31m[1m^[22m[39m[31m[1m^[22m[39m[31m[1m^[22m[39m[31m[1m^[22m[39m[31m[1m^[22m[39m[31m[1m^[22m[39m[31m[1m^[22m[39m[31m[1m^[22m[39m[31m[1m^[22m[39m[31m[1m^[22m[39m[31m[1m^[22m[39m[31m[1m^[22m[39m[31m[1m^[22m[39m[31m[1m^[22m[39m[31m[1m^[22m[39m[31m[1m^[22m[39m[31m[1m^[22m[39m[31m[1m^[22m[39m[31m[1m^[22m[39m[31m[1m^[22m[39m[31m[1m^[22m[39m[31m[1m^[22m[39m[31m[1m^[22m[39m[31m[1m^[22m[39m[31m[1m^[22m[39m[31m[1m^[22m[39m[31m[1m^[22m[39m[31m[1m^[22m[39m
 [90m 7 |[39m [36mimport[39m { [33mAvatarGroup[39m } [36mfrom[39m [32m'@/components/ui/avatar-group'[39m
 [90m 8 |[39m
 [90m 9 |[39m [36mexport[39m [36mfunction[39m [33mFeatures[39m() {[0m

Import map: aliased to relative './src/components/ui/order-tracking-parallax-card' inside of [project]/apps/web


Import trace:
  Server Component:
    ./apps/web/components/sections/Features.tsx
    ./apps/web/app/page.tsx

https://nextjs.org/docs/messages/module-not-found


./apps/web/components/layout/Header.tsx:7:1
[1m[31mModule not found[39m[22m: Can't resolve [32m'@/lib/utils'[39m
[0m [90m  5 |[39m [36mimport[39m { [33mMenu[39m[33m,[39m [33mX[39m } [36mfrom[39m [32m'lucide-react'[39m
 [90m  6 |[39m [36mimport[39m { [33mButton[39m } [36mfrom[39m [32m'@/components/ui/Button'[39m
[31m[1m>[22m[39m[90m  7 |[39m [36mimport[39m { cn } [36mfrom[39m [32m'@/lib/utils'[39m
 [90m    |[39m [31m[1m^[22m[39m[31m[1m^[22m[39m[31m[1m^[22m[39m[31m[1m^[22m[39m[31m[1m^[22m[39m[31m[1m^[22m[39m[31m[1m^[22m[39m[31m[1m^[22m[39m[31m[1m^[22m[39m[31m[1m^[22m[39m[31m[1m^[22m[39m[31m[1m^[22m[39m[31m[1m^[22m[39m[31m[1m^[22m[39m[31m[1m^[22m[39m[31m[1m^[22m[39m[31m[1m^[22m[39m[31m[1m^[22m[39m[31m[1m^[22m[39m[31m[1m^[22m[39m[31m[1m^[22m[39m[31m[1m^[22m[39m[31m[1m^[22m[39m[31m[1m^[22m[39m[31m[1m^[22m[39m[31m[1m^[22m[39m[31m[1m^[22m[39m[31m[1m^[22m[39m[31m[1m^[22m[39m[31m[1m^[22m[39m[31m[1m^[22m[39m[31m[1m^[22m[39m
 [90m  8 |[39m [36mimport[39m { [33mLogo[39m } [36mfrom[39m [32m'./Logo'[39m
 [90m  9 |[39m
 [90m 10 |[39m [36mconst[39m menuItems [33m=[39m [[0m

Import map: aliased to relative './src/lib/utils' inside of [project]/apps/web


Import trace:
  Server Component:
    ./apps/web/components/layout/Header.tsx
    ./apps/web/app/page.tsx

https://nextjs.org/docs/messages/module-not-found


./apps/web/components/layout/Logo.tsx:4:1
[1m[31mModule not found[39m[22m: Can't resolve [32m'@/lib/utils'[39m
[0m [90m 2 |[39m
 [90m 3 |[39m [36mimport[39m [33mReact[39m [36mfrom[39m [32m'react'[39m
[31m[1m>[22m[39m[90m 4 |[39m [36mimport[39m { cn } [36mfrom[39m [32m'@/lib/utils'[39m
 [90m   |[39m [31m[1m^[22m[39m[31m[1m^[22m[39m[31m[1m^[22m[39m[31m[1m^[22m[39m[31m[1m^[22m[39m[31m[1m^[22m[39m[31m[1m^[22m[39m[31m[1m^[22m[39m[31m[1m^[22m[39m[31m[1m^[22m[39m[31m[1m^[22m[39m[31m[1m^[22m[39m[31m[1m^[22m[39m[31m[1m^[22m[39m[31m[1m^[22m[39m[31m[1m^[22m[39m[31m[1m^[22m[39m[31m[1m^[22m[39m[31m[1m^[22m[39m[31m[1m^[22m[39m[31m[1m^[22m[39m[31m[1m^[22m[39m[31m[1m^[22m[39m[31m[1m^[22m[39m[31m[1m^[22m[39m[31m[1m^[22m[39m[31m[1m^[22m[39m[31m[1m^[22m[39m[31m[1m^[22m[39m[31m[1m^[22m[39m[31m[1m^[22m[39m[31m[1m^[22m[39m
 [90m 5 |[39m
 [90m 6 |[39m [36mexport[39m [36mconst[39m [33mLogo[39m [33m=[39m ({ className }[33m:[39m { className[33m?[39m[33m:[39m string }) [33m=>[39m {
 [90m 7 |[39m     [36mreturn[39m ([0m

Import map: aliased to relative './src/lib/utils' inside of [project]/apps/web


Import traces:
  Client Component Browser:
    ./apps/web/components/layout/Logo.tsx [Client Component Browser]
    ./apps/web/components/layout/Footer.tsx [Client Component Browser]
    ./apps/web/components/layout/Footer.tsx [Server Component]
    ./apps/web/app/page.tsx [Server Component]

  Client Component SSR:
    ./apps/web/components/layout/Logo.tsx [Client Component SSR]
    ./apps/web/components/layout/Footer.tsx [Client Component SSR]
    ./apps/web/components/layout/Footer.tsx [Server Component]
    ./apps/web/app/page.tsx [Server Component]

https://nextjs.org/docs/messages/module-not-found


./apps/web/components/sections/how-it-works/BiddingVisual.tsx:6:1
[1m[31mModule not found[39m[22m: Can't resolve [32m'@/lib/utils'[39m
[0m [90m 4 |[39m [36mimport[39m { motion } [36mfrom[39m [32m'framer-motion'[39m
 [90m 5 |[39m [36mimport[39m { [33mStore[39m } [36mfrom[39m [32m'lucide-react'[39m
[31m[1m>[22m[39m[90m 6 |[39m [36mimport[39m { cn } [36mfrom[39m [32m'@/lib/utils'[39m
 [90m   |[39m [31m[1m^[22m[39m[31m[1m^[22m[39m[31m[1m^[22m[39m[31m[1m^[22m[39m[31m[1m^[22m[39m[31m[1m^[22m[39m[31m[1m^[22m[39m[31m[1m^[22m[39m[31m[1m^[22m[39m[31m[1m^[22m[39m[31m[1m^[22m[39m[31m[1m^[22m[39m[31m[1m^[22m[39m[31m[1m^[22m[39m[31m[1m^[22m[39m[31m[1m^[22m[39m[31m[1m^[22m[39m[31m[1m^[22m[39m[31m[1m^[22m[39m[31m[1m^[22m[39m[31m[1m^[22m[39m[31m[1m^[22m[39m[31m[1m^[22m[39m[31m[1m^[22m[39m[31m[1m^[22m[39m[31m[1m^[22m[39m[31m[1m^[22m[39m[31m[1m^[22m[39m[31m[1m^[22m[39m[31m[1m^[22m[39m[31m[1m^[22m[39m[31m[1m^[22m[39m
 [90m 7 |[39m
 [90m 8 |[39m [36mexport[39m [36mconst[39m [33mBiddingVisual[39m [33m=[39m () [33m=>[39m {
 [90m 9 |[39m     [36mreturn[39m ([0m

Import map: aliased to relative './src/lib/utils' inside of [project]/apps/web


Import traces:
  Client Component Browser:
    ./apps/web/components/sections/how-it-works/BiddingVisual.tsx [Client Component Browser]
    ./apps/web/components/sections/HowItWorks.tsx [Client Component Browser]
    ./apps/web/components/sections/HowItWorks.tsx [Server Component]
    ./apps/web/app/page.tsx [Server Component]

  Client Component SSR:
    ./apps/web/components/sections/how-it-works/BiddingVisual.tsx [Client Component SSR]
    ./apps/web/components/sections/HowItWorks.tsx [Client Component SSR]
    ./apps/web/components/sections/HowItWorks.tsx [Server Component]
    ./apps/web/app/page.tsx [Server Component]

https://nextjs.org/docs/messages/module-not-found


    at <unknown> (./apps/web/components/sections/hero/HeroContent.tsx:7:1)
    at <unknown> (https://nextjs.org/docs/messages/module-not-found)
    at <unknown> (./apps/web/components/sections/hero/HeroMockup.tsx:2:1)
    at <unknown> (https://nextjs.org/docs/messages/module-not-found)
    at <unknown> (./apps/web/components/layout/Header.tsx:6:1)
    at <unknown> (https://nextjs.org/docs/messages/module-not-found)
    at <unknown> (./apps/web/components/sections/CTASection.tsx:5:1)
    at <unknown> (https://nextjs.org/docs/messages/module-not-found)
    at <unknown> (./apps/web/components/sections/hero/HeroContent.tsx:6:1)
    at <unknown> (https://nextjs.org/docs/messages/module-not-found)
    at <unknown> (./apps/web/components/sections/Features.tsx:7:1)
    at <unknown> (https://nextjs.org/docs/messages/module-not-found)
    at <unknown> (./apps/web/components/sections/Features.tsx:3:1)
    at <unknown> (https://nextjs.org/docs/messages/module-not-found)
    at <unknown> (./apps/web/components/sections/Features.tsx:6:1)
    at <unknown> (https://nextjs.org/docs/messages/module-not-found)
    at <unknown> (./apps/web/components/layout/Header.tsx:7:1)
    at <unknown> (https://nextjs.org/docs/messages/module-not-found)
    at <unknown> (./apps/web/components/layout/Logo.tsx:4:1)
    at <unknown> (https://nextjs.org/docs/messages/module-not-found)
    at <unknown> (./apps/web/components/sections/how-it-works/BiddingVisual.tsx:6:1)
    at <unknown> (https://nextjs.org/docs/messages/module-not-found)
[41m[30m ELIFECYCLE [39m[49m [31mCommand failed with exit code 1.[39m
[43m[30m WARN [39m[49m  Local package.json exists, but node_modules missing, did you mean to install?
